   0  $accept : program $end

   1  program : definiciones

   2  definiciones : definiciones definicion
   3               |

   4  definicion : definicionVariable
   5             | definicionFuncion
   6             | definicionEstructura

   7  definicionVariable : "VAR" "IDENT" ':' tipo ';'

   8  definicionEstructura : "STRUCT" "IDENT" '{' definicionesVariablesEstructura '}' ';'

   9  definicionVariablesEstructura : "IDENT" ':' tipo ';'

  10  definicionesVariablesEstructura : definicionesVariablesEstructura definicionVariablesEstructura
  11                                  |

  12  definicionFuncion : "IDENT" '(' listaFunciones ')' retorno '{' definicionesVariables sentencias '}'

  13  listaFunciones : parametros
  14                 |

  15  parametros : parametro
  16             | parametros ',' parametro

  17  parametro : "IDENT" ':' tipo

  18  retorno : ':' tipo
  19          |

  20  definicionesVariables :
  21                        | definicionesVariables definicionVariable

  22  sentencias :
  23             | sentencias sentencia

  24  sentencia : "PRINT" expr ';'
  25            | "PRINTSP" expr ';'
  26            | "READ" expr ';'
  27            | llamarFuncion ';'
  28            | expr '=' expr ';'
  29            | "IF" '(' expr ')' '{' sentencias '}'
  30            | "IF" '(' expr ')' '{' sentencias '}' "ELSE" '{' sentencias '}'
  31            | "WHILE" '(' expr ')' '{' sentencias '}'
  32            | "RETURN" expr ';'
  33            | "RETURN" ';'
  34            | expr "MASMAS" ';'
  35            | "BREAK" ';'
  36            | "SWITCH" '(' expr ')' '{' cases '}'

  37  expr : "LITENT"
  38       | "LITREAL"
  39       | "IDENT"
  40       | "CONSTANTECHAR"
  41       | expr '+' expr
  42       | expr '-' expr
  43       | expr '<' expr
  44       | expr '>' expr
  45       | expr '>' '=' expr
  46       | expr '<' '=' expr
  47       | expr "AND" expr
  48       | expr "OR" expr
  49       | expr '=' expr
  50       | expr '=' '=' expr
  51       | expr '!' '=' expr
  52       | '(' expr ')'
  53       | expr '*' expr
  54       | expr '/' expr
  55       | expr '.' "IDENT"
  56       | expr '[' expr ']'
  57       | llamarFuncion
  58       | "CAST" '<' tipo '>' '(' expr ')'
  59       | "VACIO"
  60       | expr '<' '<' expr '>' '>' expr
  61       | expr '>' '>' expr '<' '<' expr
  62       | expr '?' expr ':' expr

  63  tipo : "INT"
  64       | "CHAR"
  65       | "FLOAT"
  66       | "IDENT"
  67       | '[' "LITENT" ']' tipo

  68  llamarParametros : parametrosLlamada
  69                   |

  70  llamarFuncion : "IDENT" '(' llamarParametros ')'

  71  parametrosLlamada : expr
  72                    | parametrosLlamada ',' expr

  73  cases : case
  74        | cases case

  75  case : "CASE" expr ':' sentencias "BREAK" ';'

state 0
	$accept : . program $end  (0)
	definiciones : .  (3)

	.  reduce 3

	program  goto 1
	definiciones  goto 2


state 1
	$accept : program . $end  (0)

	$end  accept


state 2
	program : definiciones .  (1)
	definiciones : definiciones . definicion  (2)

	"VAR"  shift 3
	"IDENT"  shift 4
	"STRUCT"  shift 5
	$end  reduce 1

	definicion  goto 6
	definicionVariable  goto 7
	definicionFuncion  goto 8
	definicionEstructura  goto 9


state 3
	definicionVariable : "VAR" . "IDENT" ':' tipo ';'  (7)

	"IDENT"  shift 10
	.  error


state 4
	definicionFuncion : "IDENT" . '(' listaFunciones ')' retorno '{' definicionesVariables sentencias '}'  (12)

	'('  shift 11
	.  error


state 5
	definicionEstructura : "STRUCT" . "IDENT" '{' definicionesVariablesEstructura '}' ';'  (8)

	"IDENT"  shift 12
	.  error


state 6
	definiciones : definiciones definicion .  (2)

	.  reduce 2


state 7
	definicion : definicionVariable .  (4)

	.  reduce 4


state 8
	definicion : definicionFuncion .  (5)

	.  reduce 5


state 9
	definicion : definicionEstructura .  (6)

	.  reduce 6


state 10
	definicionVariable : "VAR" "IDENT" . ':' tipo ';'  (7)

	':'  shift 13
	.  error


state 11
	definicionFuncion : "IDENT" '(' . listaFunciones ')' retorno '{' definicionesVariables sentencias '}'  (12)
	listaFunciones : .  (14)

	"IDENT"  shift 14
	')'  reduce 14

	listaFunciones  goto 15
	parametros  goto 16
	parametro  goto 17


state 12
	definicionEstructura : "STRUCT" "IDENT" . '{' definicionesVariablesEstructura '}' ';'  (8)

	'{'  shift 18
	.  error


state 13
	definicionVariable : "VAR" "IDENT" ':' . tipo ';'  (7)

	'['  shift 19
	"IDENT"  shift 20
	"INT"  shift 21
	"CHAR"  shift 22
	"FLOAT"  shift 23
	.  error

	tipo  goto 24


state 14
	parametro : "IDENT" . ':' tipo  (17)

	':'  shift 25
	.  error


state 15
	definicionFuncion : "IDENT" '(' listaFunciones . ')' retorno '{' definicionesVariables sentencias '}'  (12)

	')'  shift 26
	.  error


state 16
	listaFunciones : parametros .  (13)
	parametros : parametros . ',' parametro  (16)

	','  shift 27
	')'  reduce 13


state 17
	parametros : parametro .  (15)

	.  reduce 15


state 18
	definicionEstructura : "STRUCT" "IDENT" '{' . definicionesVariablesEstructura '}' ';'  (8)
	definicionesVariablesEstructura : .  (11)

	.  reduce 11

	definicionesVariablesEstructura  goto 28


state 19
	tipo : '[' . "LITENT" ']' tipo  (67)

	"LITENT"  shift 29
	.  error


state 20
	tipo : "IDENT" .  (66)

	.  reduce 66


state 21
	tipo : "INT" .  (63)

	.  reduce 63


state 22
	tipo : "CHAR" .  (64)

	.  reduce 64


state 23
	tipo : "FLOAT" .  (65)

	.  reduce 65


state 24
	definicionVariable : "VAR" "IDENT" ':' tipo . ';'  (7)

	';'  shift 30
	.  error


state 25
	parametro : "IDENT" ':' . tipo  (17)

	'['  shift 19
	"IDENT"  shift 20
	"INT"  shift 21
	"CHAR"  shift 22
	"FLOAT"  shift 23
	.  error

	tipo  goto 31


state 26
	definicionFuncion : "IDENT" '(' listaFunciones ')' . retorno '{' definicionesVariables sentencias '}'  (12)
	retorno : .  (19)

	':'  shift 32
	'{'  reduce 19

	retorno  goto 33


state 27
	parametros : parametros ',' . parametro  (16)

	"IDENT"  shift 14
	.  error

	parametro  goto 34


state 28
	definicionEstructura : "STRUCT" "IDENT" '{' definicionesVariablesEstructura . '}' ';'  (8)
	definicionesVariablesEstructura : definicionesVariablesEstructura . definicionVariablesEstructura  (10)

	'}'  shift 35
	"IDENT"  shift 36
	.  error

	definicionVariablesEstructura  goto 37


state 29
	tipo : '[' "LITENT" . ']' tipo  (67)

	']'  shift 38
	.  error


state 30
	definicionVariable : "VAR" "IDENT" ':' tipo ';' .  (7)

	.  reduce 7


state 31
	parametro : "IDENT" ':' tipo .  (17)

	.  reduce 17


state 32
	retorno : ':' . tipo  (18)

	'['  shift 19
	"IDENT"  shift 20
	"INT"  shift 21
	"CHAR"  shift 22
	"FLOAT"  shift 23
	.  error

	tipo  goto 39


state 33
	definicionFuncion : "IDENT" '(' listaFunciones ')' retorno . '{' definicionesVariables sentencias '}'  (12)

	'{'  shift 40
	.  error


state 34
	parametros : parametros ',' parametro .  (16)

	.  reduce 16


state 35
	definicionEstructura : "STRUCT" "IDENT" '{' definicionesVariablesEstructura '}' . ';'  (8)

	';'  shift 41
	.  error


state 36
	definicionVariablesEstructura : "IDENT" . ':' tipo ';'  (9)

	':'  shift 42
	.  error


state 37
	definicionesVariablesEstructura : definicionesVariablesEstructura definicionVariablesEstructura .  (10)

	.  reduce 10


state 38
	tipo : '[' "LITENT" ']' . tipo  (67)

	'['  shift 19
	"IDENT"  shift 20
	"INT"  shift 21
	"CHAR"  shift 22
	"FLOAT"  shift 23
	.  error

	tipo  goto 43


state 39
	retorno : ':' tipo .  (18)

	.  reduce 18


state 40
	definicionFuncion : "IDENT" '(' listaFunciones ')' retorno '{' . definicionesVariables sentencias '}'  (12)
	definicionesVariables : .  (20)

	.  reduce 20

	definicionesVariables  goto 44


state 41
	definicionEstructura : "STRUCT" "IDENT" '{' definicionesVariablesEstructura '}' ';' .  (8)

	.  reduce 8


state 42
	definicionVariablesEstructura : "IDENT" ':' . tipo ';'  (9)

	'['  shift 19
	"IDENT"  shift 20
	"INT"  shift 21
	"CHAR"  shift 22
	"FLOAT"  shift 23
	.  error

	tipo  goto 45


state 43
	tipo : '[' "LITENT" ']' tipo .  (67)

	.  reduce 67


state 44
	definicionFuncion : "IDENT" '(' listaFunciones ')' retorno '{' definicionesVariables . sentencias '}'  (12)
	definicionesVariables : definicionesVariables . definicionVariable  (21)
	sentencias : .  (22)

	"VAR"  shift 3
	'('  reduce 22
	'}'  reduce 22
	"IDENT"  reduce 22
	"PRINT"  reduce 22
	"PRINTSP"  reduce 22
	"READ"  reduce 22
	"IF"  reduce 22
	"WHILE"  reduce 22
	"RETURN"  reduce 22
	"BREAK"  reduce 22
	"SWITCH"  reduce 22
	"LITENT"  reduce 22
	"LITREAL"  reduce 22
	"CONSTANTECHAR"  reduce 22
	"CAST"  reduce 22
	"VACIO"  reduce 22

	definicionVariable  goto 46
	sentencias  goto 47


state 45
	definicionVariablesEstructura : "IDENT" ':' tipo . ';'  (9)

	';'  shift 48
	.  error


state 46
	definicionesVariables : definicionesVariables definicionVariable .  (21)

	.  reduce 21


state 47
	definicionFuncion : "IDENT" '(' listaFunciones ')' retorno '{' definicionesVariables sentencias . '}'  (12)
	sentencias : sentencias . sentencia  (23)

	'('  shift 49
	'}'  shift 50
	"IDENT"  shift 51
	"PRINT"  shift 52
	"PRINTSP"  shift 53
	"READ"  shift 54
	"IF"  shift 55
	"WHILE"  shift 56
	"RETURN"  shift 57
	"BREAK"  shift 58
	"SWITCH"  shift 59
	"LITENT"  shift 60
	"LITREAL"  shift 61
	"CONSTANTECHAR"  shift 62
	"CAST"  shift 63
	"VACIO"  shift 64
	.  error

	sentencia  goto 65
	expr  goto 66
	llamarFuncion  goto 67


state 48
	definicionVariablesEstructura : "IDENT" ':' tipo ';' .  (9)

	.  reduce 9


state 49
	expr : '(' . expr ')'  (52)

	'('  shift 49
	"IDENT"  shift 51
	"LITENT"  shift 60
	"LITREAL"  shift 61
	"CONSTANTECHAR"  shift 62
	"CAST"  shift 63
	"VACIO"  shift 64
	.  error

	expr  goto 68
	llamarFuncion  goto 69


state 50
	definicionFuncion : "IDENT" '(' listaFunciones ')' retorno '{' definicionesVariables sentencias '}' .  (12)

	.  reduce 12


state 51
	expr : "IDENT" .  (39)
	llamarFuncion : "IDENT" . '(' llamarParametros ')'  (70)

	'('  shift 70
	'?'  reduce 39
	':'  reduce 39
	"AND"  reduce 39
	"OR"  reduce 39
	'!'  reduce 39
	'='  reduce 39
	'<'  reduce 39
	'>'  reduce 39
	'+'  reduce 39
	'-'  reduce 39
	'*'  reduce 39
	'/'  reduce 39
	"MASMAS"  reduce 39
	'['  reduce 39
	']'  reduce 39
	')'  reduce 39
	'.'  reduce 39
	','  reduce 39
	';'  reduce 39


state 52
	sentencia : "PRINT" . expr ';'  (24)

	'('  shift 49
	"IDENT"  shift 51
	"LITENT"  shift 60
	"LITREAL"  shift 61
	"CONSTANTECHAR"  shift 62
	"CAST"  shift 63
	"VACIO"  shift 64
	.  error

	expr  goto 71
	llamarFuncion  goto 69


state 53
	sentencia : "PRINTSP" . expr ';'  (25)

	'('  shift 49
	"IDENT"  shift 51
	"LITENT"  shift 60
	"LITREAL"  shift 61
	"CONSTANTECHAR"  shift 62
	"CAST"  shift 63
	"VACIO"  shift 64
	.  error

	expr  goto 72
	llamarFuncion  goto 69


state 54
	sentencia : "READ" . expr ';'  (26)

	'('  shift 49
	"IDENT"  shift 51
	"LITENT"  shift 60
	"LITREAL"  shift 61
	"CONSTANTECHAR"  shift 62
	"CAST"  shift 63
	"VACIO"  shift 64
	.  error

	expr  goto 73
	llamarFuncion  goto 69


state 55
	sentencia : "IF" . '(' expr ')' '{' sentencias '}'  (29)
	sentencia : "IF" . '(' expr ')' '{' sentencias '}' "ELSE" '{' sentencias '}'  (30)

	'('  shift 74
	.  error


state 56
	sentencia : "WHILE" . '(' expr ')' '{' sentencias '}'  (31)

	'('  shift 75
	.  error


state 57
	sentencia : "RETURN" . expr ';'  (32)
	sentencia : "RETURN" . ';'  (33)

	'('  shift 49
	"IDENT"  shift 51
	';'  shift 76
	"LITENT"  shift 60
	"LITREAL"  shift 61
	"CONSTANTECHAR"  shift 62
	"CAST"  shift 63
	"VACIO"  shift 64
	.  error

	expr  goto 77
	llamarFuncion  goto 69


state 58
	sentencia : "BREAK" . ';'  (35)

	';'  shift 78
	.  error


state 59
	sentencia : "SWITCH" . '(' expr ')' '{' cases '}'  (36)

	'('  shift 79
	.  error


state 60
	expr : "LITENT" .  (37)

	.  reduce 37


state 61
	expr : "LITREAL" .  (38)

	.  reduce 38


state 62
	expr : "CONSTANTECHAR" .  (40)

	.  reduce 40


state 63
	expr : "CAST" . '<' tipo '>' '(' expr ')'  (58)

	'<'  shift 80
	.  error


state 64
	expr : "VACIO" .  (59)

	.  reduce 59


state 65
	sentencias : sentencias sentencia .  (23)

	.  reduce 23


state 66
	sentencia : expr . '=' expr ';'  (28)
	sentencia : expr . "MASMAS" ';'  (34)
	expr : expr . '+' expr  (41)
	expr : expr . '-' expr  (42)
	expr : expr . '<' expr  (43)
	expr : expr . '>' expr  (44)
	expr : expr . '>' '=' expr  (45)
	expr : expr . '<' '=' expr  (46)
	expr : expr . "AND" expr  (47)
	expr : expr . "OR" expr  (48)
	expr : expr . '=' expr  (49)
	expr : expr . '=' '=' expr  (50)
	expr : expr . '!' '=' expr  (51)
	expr : expr . '*' expr  (53)
	expr : expr . '/' expr  (54)
	expr : expr . '.' "IDENT"  (55)
	expr : expr . '[' expr ']'  (56)
	expr : expr . '<' '<' expr '>' '>' expr  (60)
	expr : expr . '>' '>' expr '<' '<' expr  (61)
	expr : expr . '?' expr ':' expr  (62)

	'?'  shift 81
	"AND"  shift 82
	"OR"  shift 83
	'!'  shift 84
	'='  shift 85
	'<'  shift 86
	'>'  shift 87
	'+'  shift 88
	'-'  shift 89
	'*'  shift 90
	'/'  shift 91
	"MASMAS"  shift 92
	'['  shift 93
	'.'  shift 94
	.  error


state 67
	sentencia : llamarFuncion . ';'  (27)
	expr : llamarFuncion .  (57)

	';'  shift 95
	'?'  reduce 57
	"AND"  reduce 57
	"OR"  reduce 57
	'!'  reduce 57
	'='  reduce 57
	'<'  reduce 57
	'>'  reduce 57
	'+'  reduce 57
	'-'  reduce 57
	'*'  reduce 57
	'/'  reduce 57
	"MASMAS"  reduce 57
	'['  reduce 57
	'.'  reduce 57


state 68
	expr : expr . '+' expr  (41)
	expr : expr . '-' expr  (42)
	expr : expr . '<' expr  (43)
	expr : expr . '>' expr  (44)
	expr : expr . '>' '=' expr  (45)
	expr : expr . '<' '=' expr  (46)
	expr : expr . "AND" expr  (47)
	expr : expr . "OR" expr  (48)
	expr : expr . '=' expr  (49)
	expr : expr . '=' '=' expr  (50)
	expr : expr . '!' '=' expr  (51)
	expr : '(' expr . ')'  (52)
	expr : expr . '*' expr  (53)
	expr : expr . '/' expr  (54)
	expr : expr . '.' "IDENT"  (55)
	expr : expr . '[' expr ']'  (56)
	expr : expr . '<' '<' expr '>' '>' expr  (60)
	expr : expr . '>' '>' expr '<' '<' expr  (61)
	expr : expr . '?' expr ':' expr  (62)

	'?'  shift 81
	"AND"  shift 82
	"OR"  shift 83
	'!'  shift 84
	'='  shift 96
	'<'  shift 86
	'>'  shift 87
	'+'  shift 88
	'-'  shift 89
	'*'  shift 90
	'/'  shift 91
	'['  shift 93
	')'  shift 97
	'.'  shift 94
	.  error


state 69
	expr : llamarFuncion .  (57)

	.  reduce 57


state 70
	llamarFuncion : "IDENT" '(' . llamarParametros ')'  (70)
	llamarParametros : .  (69)

	'('  shift 49
	"IDENT"  shift 51
	"LITENT"  shift 60
	"LITREAL"  shift 61
	"CONSTANTECHAR"  shift 62
	"CAST"  shift 63
	"VACIO"  shift 64
	')'  reduce 69

	expr  goto 98
	llamarFuncion  goto 69
	llamarParametros  goto 99
	parametrosLlamada  goto 100


state 71
	sentencia : "PRINT" expr . ';'  (24)
	expr : expr . '+' expr  (41)
	expr : expr . '-' expr  (42)
	expr : expr . '<' expr  (43)
	expr : expr . '>' expr  (44)
	expr : expr . '>' '=' expr  (45)
	expr : expr . '<' '=' expr  (46)
	expr : expr . "AND" expr  (47)
	expr : expr . "OR" expr  (48)
	expr : expr . '=' expr  (49)
	expr : expr . '=' '=' expr  (50)
	expr : expr . '!' '=' expr  (51)
	expr : expr . '*' expr  (53)
	expr : expr . '/' expr  (54)
	expr : expr . '.' "IDENT"  (55)
	expr : expr . '[' expr ']'  (56)
	expr : expr . '<' '<' expr '>' '>' expr  (60)
	expr : expr . '>' '>' expr '<' '<' expr  (61)
	expr : expr . '?' expr ':' expr  (62)

	'?'  shift 81
	"AND"  shift 82
	"OR"  shift 83
	'!'  shift 84
	'='  shift 96
	'<'  shift 86
	'>'  shift 87
	'+'  shift 88
	'-'  shift 89
	'*'  shift 90
	'/'  shift 91
	'['  shift 93
	'.'  shift 94
	';'  shift 101
	.  error


state 72
	sentencia : "PRINTSP" expr . ';'  (25)
	expr : expr . '+' expr  (41)
	expr : expr . '-' expr  (42)
	expr : expr . '<' expr  (43)
	expr : expr . '>' expr  (44)
	expr : expr . '>' '=' expr  (45)
	expr : expr . '<' '=' expr  (46)
	expr : expr . "AND" expr  (47)
	expr : expr . "OR" expr  (48)
	expr : expr . '=' expr  (49)
	expr : expr . '=' '=' expr  (50)
	expr : expr . '!' '=' expr  (51)
	expr : expr . '*' expr  (53)
	expr : expr . '/' expr  (54)
	expr : expr . '.' "IDENT"  (55)
	expr : expr . '[' expr ']'  (56)
	expr : expr . '<' '<' expr '>' '>' expr  (60)
	expr : expr . '>' '>' expr '<' '<' expr  (61)
	expr : expr . '?' expr ':' expr  (62)

	'?'  shift 81
	"AND"  shift 82
	"OR"  shift 83
	'!'  shift 84
	'='  shift 96
	'<'  shift 86
	'>'  shift 87
	'+'  shift 88
	'-'  shift 89
	'*'  shift 90
	'/'  shift 91
	'['  shift 93
	'.'  shift 94
	';'  shift 102
	.  error


state 73
	sentencia : "READ" expr . ';'  (26)
	expr : expr . '+' expr  (41)
	expr : expr . '-' expr  (42)
	expr : expr . '<' expr  (43)
	expr : expr . '>' expr  (44)
	expr : expr . '>' '=' expr  (45)
	expr : expr . '<' '=' expr  (46)
	expr : expr . "AND" expr  (47)
	expr : expr . "OR" expr  (48)
	expr : expr . '=' expr  (49)
	expr : expr . '=' '=' expr  (50)
	expr : expr . '!' '=' expr  (51)
	expr : expr . '*' expr  (53)
	expr : expr . '/' expr  (54)
	expr : expr . '.' "IDENT"  (55)
	expr : expr . '[' expr ']'  (56)
	expr : expr . '<' '<' expr '>' '>' expr  (60)
	expr : expr . '>' '>' expr '<' '<' expr  (61)
	expr : expr . '?' expr ':' expr  (62)

	'?'  shift 81
	"AND"  shift 82
	"OR"  shift 83
	'!'  shift 84
	'='  shift 96
	'<'  shift 86
	'>'  shift 87
	'+'  shift 88
	'-'  shift 89
	'*'  shift 90
	'/'  shift 91
	'['  shift 93
	'.'  shift 94
	';'  shift 103
	.  error


state 74
	sentencia : "IF" '(' . expr ')' '{' sentencias '}'  (29)
	sentencia : "IF" '(' . expr ')' '{' sentencias '}' "ELSE" '{' sentencias '}'  (30)

	'('  shift 49
	"IDENT"  shift 51
	"LITENT"  shift 60
	"LITREAL"  shift 61
	"CONSTANTECHAR"  shift 62
	"CAST"  shift 63
	"VACIO"  shift 64
	.  error

	expr  goto 104
	llamarFuncion  goto 69


state 75
	sentencia : "WHILE" '(' . expr ')' '{' sentencias '}'  (31)

	'('  shift 49
	"IDENT"  shift 51
	"LITENT"  shift 60
	"LITREAL"  shift 61
	"CONSTANTECHAR"  shift 62
	"CAST"  shift 63
	"VACIO"  shift 64
	.  error

	expr  goto 105
	llamarFuncion  goto 69


state 76
	sentencia : "RETURN" ';' .  (33)

	.  reduce 33


state 77
	sentencia : "RETURN" expr . ';'  (32)
	expr : expr . '+' expr  (41)
	expr : expr . '-' expr  (42)
	expr : expr . '<' expr  (43)
	expr : expr . '>' expr  (44)
	expr : expr . '>' '=' expr  (45)
	expr : expr . '<' '=' expr  (46)
	expr : expr . "AND" expr  (47)
	expr : expr . "OR" expr  (48)
	expr : expr . '=' expr  (49)
	expr : expr . '=' '=' expr  (50)
	expr : expr . '!' '=' expr  (51)
	expr : expr . '*' expr  (53)
	expr : expr . '/' expr  (54)
	expr : expr . '.' "IDENT"  (55)
	expr : expr . '[' expr ']'  (56)
	expr : expr . '<' '<' expr '>' '>' expr  (60)
	expr : expr . '>' '>' expr '<' '<' expr  (61)
	expr : expr . '?' expr ':' expr  (62)

	'?'  shift 81
	"AND"  shift 82
	"OR"  shift 83
	'!'  shift 84
	'='  shift 96
	'<'  shift 86
	'>'  shift 87
	'+'  shift 88
	'-'  shift 89
	'*'  shift 90
	'/'  shift 91
	'['  shift 93
	'.'  shift 94
	';'  shift 106
	.  error


state 78
	sentencia : "BREAK" ';' .  (35)

	.  reduce 35


state 79
	sentencia : "SWITCH" '(' . expr ')' '{' cases '}'  (36)

	'('  shift 49
	"IDENT"  shift 51
	"LITENT"  shift 60
	"LITREAL"  shift 61
	"CONSTANTECHAR"  shift 62
	"CAST"  shift 63
	"VACIO"  shift 64
	.  error

	expr  goto 107
	llamarFuncion  goto 69


state 80
	expr : "CAST" '<' . tipo '>' '(' expr ')'  (58)

	'['  shift 19
	"IDENT"  shift 20
	"INT"  shift 21
	"CHAR"  shift 22
	"FLOAT"  shift 23
	.  error

	tipo  goto 108


state 81
	expr : expr '?' . expr ':' expr  (62)

	'('  shift 49
	"IDENT"  shift 51
	"LITENT"  shift 60
	"LITREAL"  shift 61
	"CONSTANTECHAR"  shift 62
	"CAST"  shift 63
	"VACIO"  shift 64
	.  error

	expr  goto 109
	llamarFuncion  goto 69


state 82
	expr : expr "AND" . expr  (47)

	'('  shift 49
	"IDENT"  shift 51
	"LITENT"  shift 60
	"LITREAL"  shift 61
	"CONSTANTECHAR"  shift 62
	"CAST"  shift 63
	"VACIO"  shift 64
	.  error

	expr  goto 110
	llamarFuncion  goto 69


state 83
	expr : expr "OR" . expr  (48)

	'('  shift 49
	"IDENT"  shift 51
	"LITENT"  shift 60
	"LITREAL"  shift 61
	"CONSTANTECHAR"  shift 62
	"CAST"  shift 63
	"VACIO"  shift 64
	.  error

	expr  goto 111
	llamarFuncion  goto 69


state 84
	expr : expr '!' . '=' expr  (51)

	'='  shift 112
	.  error


state 85
	sentencia : expr '=' . expr ';'  (28)
	expr : expr '=' . expr  (49)
	expr : expr '=' . '=' expr  (50)

	'='  shift 113
	'('  shift 49
	"IDENT"  shift 51
	"LITENT"  shift 60
	"LITREAL"  shift 61
	"CONSTANTECHAR"  shift 62
	"CAST"  shift 63
	"VACIO"  shift 64
	.  error

	expr  goto 114
	llamarFuncion  goto 69


state 86
	expr : expr '<' . expr  (43)
	expr : expr '<' . '=' expr  (46)
	expr : expr '<' . '<' expr '>' '>' expr  (60)

	'='  shift 115
	'<'  shift 116
	'('  shift 49
	"IDENT"  shift 51
	"LITENT"  shift 60
	"LITREAL"  shift 61
	"CONSTANTECHAR"  shift 62
	"CAST"  shift 63
	"VACIO"  shift 64
	.  error

	expr  goto 117
	llamarFuncion  goto 69


state 87
	expr : expr '>' . expr  (44)
	expr : expr '>' . '=' expr  (45)
	expr : expr '>' . '>' expr '<' '<' expr  (61)

	'='  shift 118
	'>'  shift 119
	'('  shift 49
	"IDENT"  shift 51
	"LITENT"  shift 60
	"LITREAL"  shift 61
	"CONSTANTECHAR"  shift 62
	"CAST"  shift 63
	"VACIO"  shift 64
	.  error

	expr  goto 120
	llamarFuncion  goto 69


state 88
	expr : expr '+' . expr  (41)

	'('  shift 49
	"IDENT"  shift 51
	"LITENT"  shift 60
	"LITREAL"  shift 61
	"CONSTANTECHAR"  shift 62
	"CAST"  shift 63
	"VACIO"  shift 64
	.  error

	expr  goto 121
	llamarFuncion  goto 69


state 89
	expr : expr '-' . expr  (42)

	'('  shift 49
	"IDENT"  shift 51
	"LITENT"  shift 60
	"LITREAL"  shift 61
	"CONSTANTECHAR"  shift 62
	"CAST"  shift 63
	"VACIO"  shift 64
	.  error

	expr  goto 122
	llamarFuncion  goto 69


state 90
	expr : expr '*' . expr  (53)

	'('  shift 49
	"IDENT"  shift 51
	"LITENT"  shift 60
	"LITREAL"  shift 61
	"CONSTANTECHAR"  shift 62
	"CAST"  shift 63
	"VACIO"  shift 64
	.  error

	expr  goto 123
	llamarFuncion  goto 69


state 91
	expr : expr '/' . expr  (54)

	'('  shift 49
	"IDENT"  shift 51
	"LITENT"  shift 60
	"LITREAL"  shift 61
	"CONSTANTECHAR"  shift 62
	"CAST"  shift 63
	"VACIO"  shift 64
	.  error

	expr  goto 124
	llamarFuncion  goto 69


state 92
	sentencia : expr "MASMAS" . ';'  (34)

	';'  shift 125
	.  error


state 93
	expr : expr '[' . expr ']'  (56)

	'('  shift 49
	"IDENT"  shift 51
	"LITENT"  shift 60
	"LITREAL"  shift 61
	"CONSTANTECHAR"  shift 62
	"CAST"  shift 63
	"VACIO"  shift 64
	.  error

	expr  goto 126
	llamarFuncion  goto 69


state 94
	expr : expr '.' . "IDENT"  (55)

	"IDENT"  shift 127
	.  error


state 95
	sentencia : llamarFuncion ';' .  (27)

	.  reduce 27


state 96
	expr : expr '=' . expr  (49)
	expr : expr '=' . '=' expr  (50)

	'='  shift 113
	'('  shift 49
	"IDENT"  shift 51
	"LITENT"  shift 60
	"LITREAL"  shift 61
	"CONSTANTECHAR"  shift 62
	"CAST"  shift 63
	"VACIO"  shift 64
	.  error

	expr  goto 128
	llamarFuncion  goto 69


state 97
	expr : '(' expr ')' .  (52)

	.  reduce 52


state 98
	expr : expr . '+' expr  (41)
	expr : expr . '-' expr  (42)
	expr : expr . '<' expr  (43)
	expr : expr . '>' expr  (44)
	expr : expr . '>' '=' expr  (45)
	expr : expr . '<' '=' expr  (46)
	expr : expr . "AND" expr  (47)
	expr : expr . "OR" expr  (48)
	expr : expr . '=' expr  (49)
	expr : expr . '=' '=' expr  (50)
	expr : expr . '!' '=' expr  (51)
	expr : expr . '*' expr  (53)
	expr : expr . '/' expr  (54)
	expr : expr . '.' "IDENT"  (55)
	expr : expr . '[' expr ']'  (56)
	expr : expr . '<' '<' expr '>' '>' expr  (60)
	expr : expr . '>' '>' expr '<' '<' expr  (61)
	expr : expr . '?' expr ':' expr  (62)
	parametrosLlamada : expr .  (71)

	'?'  shift 81
	"AND"  shift 82
	"OR"  shift 83
	'!'  shift 84
	'='  shift 96
	'<'  shift 86
	'>'  shift 87
	'+'  shift 88
	'-'  shift 89
	'*'  shift 90
	'/'  shift 91
	'['  shift 93
	'.'  shift 94
	')'  reduce 71
	','  reduce 71


state 99
	llamarFuncion : "IDENT" '(' llamarParametros . ')'  (70)

	')'  shift 129
	.  error


state 100
	llamarParametros : parametrosLlamada .  (68)
	parametrosLlamada : parametrosLlamada . ',' expr  (72)

	','  shift 130
	')'  reduce 68


state 101
	sentencia : "PRINT" expr ';' .  (24)

	.  reduce 24


state 102
	sentencia : "PRINTSP" expr ';' .  (25)

	.  reduce 25


state 103
	sentencia : "READ" expr ';' .  (26)

	.  reduce 26


state 104
	sentencia : "IF" '(' expr . ')' '{' sentencias '}'  (29)
	sentencia : "IF" '(' expr . ')' '{' sentencias '}' "ELSE" '{' sentencias '}'  (30)
	expr : expr . '+' expr  (41)
	expr : expr . '-' expr  (42)
	expr : expr . '<' expr  (43)
	expr : expr . '>' expr  (44)
	expr : expr . '>' '=' expr  (45)
	expr : expr . '<' '=' expr  (46)
	expr : expr . "AND" expr  (47)
	expr : expr . "OR" expr  (48)
	expr : expr . '=' expr  (49)
	expr : expr . '=' '=' expr  (50)
	expr : expr . '!' '=' expr  (51)
	expr : expr . '*' expr  (53)
	expr : expr . '/' expr  (54)
	expr : expr . '.' "IDENT"  (55)
	expr : expr . '[' expr ']'  (56)
	expr : expr . '<' '<' expr '>' '>' expr  (60)
	expr : expr . '>' '>' expr '<' '<' expr  (61)
	expr : expr . '?' expr ':' expr  (62)

	'?'  shift 81
	"AND"  shift 82
	"OR"  shift 83
	'!'  shift 84
	'='  shift 96
	'<'  shift 86
	'>'  shift 87
	'+'  shift 88
	'-'  shift 89
	'*'  shift 90
	'/'  shift 91
	'['  shift 93
	')'  shift 131
	'.'  shift 94
	.  error


state 105
	sentencia : "WHILE" '(' expr . ')' '{' sentencias '}'  (31)
	expr : expr . '+' expr  (41)
	expr : expr . '-' expr  (42)
	expr : expr . '<' expr  (43)
	expr : expr . '>' expr  (44)
	expr : expr . '>' '=' expr  (45)
	expr : expr . '<' '=' expr  (46)
	expr : expr . "AND" expr  (47)
	expr : expr . "OR" expr  (48)
	expr : expr . '=' expr  (49)
	expr : expr . '=' '=' expr  (50)
	expr : expr . '!' '=' expr  (51)
	expr : expr . '*' expr  (53)
	expr : expr . '/' expr  (54)
	expr : expr . '.' "IDENT"  (55)
	expr : expr . '[' expr ']'  (56)
	expr : expr . '<' '<' expr '>' '>' expr  (60)
	expr : expr . '>' '>' expr '<' '<' expr  (61)
	expr : expr . '?' expr ':' expr  (62)

	'?'  shift 81
	"AND"  shift 82
	"OR"  shift 83
	'!'  shift 84
	'='  shift 96
	'<'  shift 86
	'>'  shift 87
	'+'  shift 88
	'-'  shift 89
	'*'  shift 90
	'/'  shift 91
	'['  shift 93
	')'  shift 132
	'.'  shift 94
	.  error


state 106
	sentencia : "RETURN" expr ';' .  (32)

	.  reduce 32


state 107
	sentencia : "SWITCH" '(' expr . ')' '{' cases '}'  (36)
	expr : expr . '+' expr  (41)
	expr : expr . '-' expr  (42)
	expr : expr . '<' expr  (43)
	expr : expr . '>' expr  (44)
	expr : expr . '>' '=' expr  (45)
	expr : expr . '<' '=' expr  (46)
	expr : expr . "AND" expr  (47)
	expr : expr . "OR" expr  (48)
	expr : expr . '=' expr  (49)
	expr : expr . '=' '=' expr  (50)
	expr : expr . '!' '=' expr  (51)
	expr : expr . '*' expr  (53)
	expr : expr . '/' expr  (54)
	expr : expr . '.' "IDENT"  (55)
	expr : expr . '[' expr ']'  (56)
	expr : expr . '<' '<' expr '>' '>' expr  (60)
	expr : expr . '>' '>' expr '<' '<' expr  (61)
	expr : expr . '?' expr ':' expr  (62)

	'?'  shift 81
	"AND"  shift 82
	"OR"  shift 83
	'!'  shift 84
	'='  shift 96
	'<'  shift 86
	'>'  shift 87
	'+'  shift 88
	'-'  shift 89
	'*'  shift 90
	'/'  shift 91
	'['  shift 93
	')'  shift 133
	'.'  shift 94
	.  error


state 108
	expr : "CAST" '<' tipo . '>' '(' expr ')'  (58)

	'>'  shift 134
	.  error


state 109
	expr : expr . '+' expr  (41)
	expr : expr . '-' expr  (42)
	expr : expr . '<' expr  (43)
	expr : expr . '>' expr  (44)
	expr : expr . '>' '=' expr  (45)
	expr : expr . '<' '=' expr  (46)
	expr : expr . "AND" expr  (47)
	expr : expr . "OR" expr  (48)
	expr : expr . '=' expr  (49)
	expr : expr . '=' '=' expr  (50)
	expr : expr . '!' '=' expr  (51)
	expr : expr . '*' expr  (53)
	expr : expr . '/' expr  (54)
	expr : expr . '.' "IDENT"  (55)
	expr : expr . '[' expr ']'  (56)
	expr : expr . '<' '<' expr '>' '>' expr  (60)
	expr : expr . '>' '>' expr '<' '<' expr  (61)
	expr : expr . '?' expr ':' expr  (62)
	expr : expr '?' expr . ':' expr  (62)

	'?'  shift 81
	':'  shift 135
	"AND"  shift 82
	"OR"  shift 83
	'!'  shift 84
	'='  shift 96
	'<'  shift 86
	'>'  shift 87
	'+'  shift 88
	'-'  shift 89
	'*'  shift 90
	'/'  shift 91
	'['  shift 93
	'.'  shift 94
	.  error


state 110
	expr : expr . '+' expr  (41)
	expr : expr . '-' expr  (42)
	expr : expr . '<' expr  (43)
	expr : expr . '>' expr  (44)
	expr : expr . '>' '=' expr  (45)
	expr : expr . '<' '=' expr  (46)
	expr : expr . "AND" expr  (47)
	expr : expr "AND" expr .  (47)
	expr : expr . "OR" expr  (48)
	expr : expr . '=' expr  (49)
	expr : expr . '=' '=' expr  (50)
	expr : expr . '!' '=' expr  (51)
	expr : expr . '*' expr  (53)
	expr : expr . '/' expr  (54)
	expr : expr . '.' "IDENT"  (55)
	expr : expr . '[' expr ']'  (56)
	expr : expr . '<' '<' expr '>' '>' expr  (60)
	expr : expr . '>' '>' expr '<' '<' expr  (61)
	expr : expr . '?' expr ':' expr  (62)

	'<'  shift 86
	'>'  shift 87
	'+'  shift 88
	'-'  shift 89
	'*'  shift 90
	'/'  shift 91
	'['  shift 93
	'.'  shift 94
	'?'  reduce 47
	':'  reduce 47
	"AND"  reduce 47
	"OR"  reduce 47
	'!'  reduce 47
	'='  reduce 47
	"MASMAS"  reduce 47
	']'  reduce 47
	')'  reduce 47
	','  reduce 47
	';'  reduce 47


state 111
	expr : expr . '+' expr  (41)
	expr : expr . '-' expr  (42)
	expr : expr . '<' expr  (43)
	expr : expr . '>' expr  (44)
	expr : expr . '>' '=' expr  (45)
	expr : expr . '<' '=' expr  (46)
	expr : expr . "AND" expr  (47)
	expr : expr . "OR" expr  (48)
	expr : expr "OR" expr .  (48)
	expr : expr . '=' expr  (49)
	expr : expr . '=' '=' expr  (50)
	expr : expr . '!' '=' expr  (51)
	expr : expr . '*' expr  (53)
	expr : expr . '/' expr  (54)
	expr : expr . '.' "IDENT"  (55)
	expr : expr . '[' expr ']'  (56)
	expr : expr . '<' '<' expr '>' '>' expr  (60)
	expr : expr . '>' '>' expr '<' '<' expr  (61)
	expr : expr . '?' expr ':' expr  (62)

	'<'  shift 86
	'>'  shift 87
	'+'  shift 88
	'-'  shift 89
	'*'  shift 90
	'/'  shift 91
	'['  shift 93
	'.'  shift 94
	'?'  reduce 48
	':'  reduce 48
	"AND"  reduce 48
	"OR"  reduce 48
	'!'  reduce 48
	'='  reduce 48
	"MASMAS"  reduce 48
	']'  reduce 48
	')'  reduce 48
	','  reduce 48
	';'  reduce 48


state 112
	expr : expr '!' '=' . expr  (51)

	'('  shift 49
	"IDENT"  shift 51
	"LITENT"  shift 60
	"LITREAL"  shift 61
	"CONSTANTECHAR"  shift 62
	"CAST"  shift 63
	"VACIO"  shift 64
	.  error

	expr  goto 136
	llamarFuncion  goto 69


state 113
	expr : expr '=' '=' . expr  (50)

	'('  shift 49
	"IDENT"  shift 51
	"LITENT"  shift 60
	"LITREAL"  shift 61
	"CONSTANTECHAR"  shift 62
	"CAST"  shift 63
	"VACIO"  shift 64
	.  error

	expr  goto 137
	llamarFuncion  goto 69


state 114
	sentencia : expr '=' expr . ';'  (28)
	expr : expr . '+' expr  (41)
	expr : expr . '-' expr  (42)
	expr : expr . '<' expr  (43)
	expr : expr . '>' expr  (44)
	expr : expr . '>' '=' expr  (45)
	expr : expr . '<' '=' expr  (46)
	expr : expr . "AND" expr  (47)
	expr : expr . "OR" expr  (48)
	expr : expr . '=' expr  (49)
	expr : expr '=' expr .  (49)
	expr : expr . '=' '=' expr  (50)
	expr : expr . '!' '=' expr  (51)
	expr : expr . '*' expr  (53)
	expr : expr . '/' expr  (54)
	expr : expr . '.' "IDENT"  (55)
	expr : expr . '[' expr ']'  (56)
	expr : expr . '<' '<' expr '>' '>' expr  (60)
	expr : expr . '>' '>' expr '<' '<' expr  (61)
	expr : expr . '?' expr ':' expr  (62)

	'<'  shift 86
	'>'  shift 87
	'+'  shift 88
	'-'  shift 89
	'*'  shift 90
	'/'  shift 91
	'['  shift 93
	'.'  shift 94
	';'  shift 138
	'?'  reduce 49
	"AND"  reduce 49
	"OR"  reduce 49
	'!'  reduce 49
	'='  reduce 49
	"MASMAS"  reduce 49


state 115
	expr : expr '<' '=' . expr  (46)

	'('  shift 49
	"IDENT"  shift 51
	"LITENT"  shift 60
	"LITREAL"  shift 61
	"CONSTANTECHAR"  shift 62
	"CAST"  shift 63
	"VACIO"  shift 64
	.  error

	expr  goto 139
	llamarFuncion  goto 69


state 116
	expr : expr '<' '<' . expr '>' '>' expr  (60)

	'('  shift 49
	"IDENT"  shift 51
	"LITENT"  shift 60
	"LITREAL"  shift 61
	"CONSTANTECHAR"  shift 62
	"CAST"  shift 63
	"VACIO"  shift 64
	.  error

	expr  goto 140
	llamarFuncion  goto 69


state 117
	expr : expr . '+' expr  (41)
	expr : expr . '-' expr  (42)
	expr : expr . '<' expr  (43)
	expr : expr '<' expr .  (43)
	expr : expr . '>' expr  (44)
	expr : expr . '>' '=' expr  (45)
	expr : expr . '<' '=' expr  (46)
	expr : expr . "AND" expr  (47)
	expr : expr . "OR" expr  (48)
	expr : expr . '=' expr  (49)
	expr : expr . '=' '=' expr  (50)
	expr : expr . '!' '=' expr  (51)
	expr : expr . '*' expr  (53)
	expr : expr . '/' expr  (54)
	expr : expr . '.' "IDENT"  (55)
	expr : expr . '[' expr ']'  (56)
	expr : expr . '<' '<' expr '>' '>' expr  (60)
	expr : expr . '>' '>' expr '<' '<' expr  (61)
	expr : expr . '?' expr ':' expr  (62)

	'+'  shift 88
	'-'  shift 89
	'*'  shift 90
	'/'  shift 91
	'['  shift 93
	'.'  shift 94
	'?'  reduce 43
	':'  reduce 43
	"AND"  reduce 43
	"OR"  reduce 43
	'!'  reduce 43
	'='  reduce 43
	'<'  reduce 43
	'>'  reduce 43
	"MASMAS"  reduce 43
	']'  reduce 43
	')'  reduce 43
	','  reduce 43
	';'  reduce 43


state 118
	expr : expr '>' '=' . expr  (45)

	'('  shift 49
	"IDENT"  shift 51
	"LITENT"  shift 60
	"LITREAL"  shift 61
	"CONSTANTECHAR"  shift 62
	"CAST"  shift 63
	"VACIO"  shift 64
	.  error

	expr  goto 141
	llamarFuncion  goto 69


state 119
	expr : expr '>' '>' . expr '<' '<' expr  (61)

	'('  shift 49
	"IDENT"  shift 51
	"LITENT"  shift 60
	"LITREAL"  shift 61
	"CONSTANTECHAR"  shift 62
	"CAST"  shift 63
	"VACIO"  shift 64
	.  error

	expr  goto 142
	llamarFuncion  goto 69


state 120
	expr : expr . '+' expr  (41)
	expr : expr . '-' expr  (42)
	expr : expr . '<' expr  (43)
	expr : expr . '>' expr  (44)
	expr : expr '>' expr .  (44)
	expr : expr . '>' '=' expr  (45)
	expr : expr . '<' '=' expr  (46)
	expr : expr . "AND" expr  (47)
	expr : expr . "OR" expr  (48)
	expr : expr . '=' expr  (49)
	expr : expr . '=' '=' expr  (50)
	expr : expr . '!' '=' expr  (51)
	expr : expr . '*' expr  (53)
	expr : expr . '/' expr  (54)
	expr : expr . '.' "IDENT"  (55)
	expr : expr . '[' expr ']'  (56)
	expr : expr . '<' '<' expr '>' '>' expr  (60)
	expr : expr . '>' '>' expr '<' '<' expr  (61)
	expr : expr . '?' expr ':' expr  (62)

	'+'  shift 88
	'-'  shift 89
	'*'  shift 90
	'/'  shift 91
	'['  shift 93
	'.'  shift 94
	'?'  reduce 44
	':'  reduce 44
	"AND"  reduce 44
	"OR"  reduce 44
	'!'  reduce 44
	'='  reduce 44
	'<'  reduce 44
	'>'  reduce 44
	"MASMAS"  reduce 44
	']'  reduce 44
	')'  reduce 44
	','  reduce 44
	';'  reduce 44


state 121
	expr : expr . '+' expr  (41)
	expr : expr '+' expr .  (41)
	expr : expr . '-' expr  (42)
	expr : expr . '<' expr  (43)
	expr : expr . '>' expr  (44)
	expr : expr . '>' '=' expr  (45)
	expr : expr . '<' '=' expr  (46)
	expr : expr . "AND" expr  (47)
	expr : expr . "OR" expr  (48)
	expr : expr . '=' expr  (49)
	expr : expr . '=' '=' expr  (50)
	expr : expr . '!' '=' expr  (51)
	expr : expr . '*' expr  (53)
	expr : expr . '/' expr  (54)
	expr : expr . '.' "IDENT"  (55)
	expr : expr . '[' expr ']'  (56)
	expr : expr . '<' '<' expr '>' '>' expr  (60)
	expr : expr . '>' '>' expr '<' '<' expr  (61)
	expr : expr . '?' expr ':' expr  (62)

	'*'  shift 90
	'/'  shift 91
	'['  shift 93
	'.'  shift 94
	'?'  reduce 41
	':'  reduce 41
	"AND"  reduce 41
	"OR"  reduce 41
	'!'  reduce 41
	'='  reduce 41
	'<'  reduce 41
	'>'  reduce 41
	'+'  reduce 41
	'-'  reduce 41
	"MASMAS"  reduce 41
	']'  reduce 41
	')'  reduce 41
	','  reduce 41
	';'  reduce 41


state 122
	expr : expr . '+' expr  (41)
	expr : expr . '-' expr  (42)
	expr : expr '-' expr .  (42)
	expr : expr . '<' expr  (43)
	expr : expr . '>' expr  (44)
	expr : expr . '>' '=' expr  (45)
	expr : expr . '<' '=' expr  (46)
	expr : expr . "AND" expr  (47)
	expr : expr . "OR" expr  (48)
	expr : expr . '=' expr  (49)
	expr : expr . '=' '=' expr  (50)
	expr : expr . '!' '=' expr  (51)
	expr : expr . '*' expr  (53)
	expr : expr . '/' expr  (54)
	expr : expr . '.' "IDENT"  (55)
	expr : expr . '[' expr ']'  (56)
	expr : expr . '<' '<' expr '>' '>' expr  (60)
	expr : expr . '>' '>' expr '<' '<' expr  (61)
	expr : expr . '?' expr ':' expr  (62)

	'*'  shift 90
	'/'  shift 91
	'['  shift 93
	'.'  shift 94
	'?'  reduce 42
	':'  reduce 42
	"AND"  reduce 42
	"OR"  reduce 42
	'!'  reduce 42
	'='  reduce 42
	'<'  reduce 42
	'>'  reduce 42
	'+'  reduce 42
	'-'  reduce 42
	"MASMAS"  reduce 42
	']'  reduce 42
	')'  reduce 42
	','  reduce 42
	';'  reduce 42


state 123
	expr : expr . '+' expr  (41)
	expr : expr . '-' expr  (42)
	expr : expr . '<' expr  (43)
	expr : expr . '>' expr  (44)
	expr : expr . '>' '=' expr  (45)
	expr : expr . '<' '=' expr  (46)
	expr : expr . "AND" expr  (47)
	expr : expr . "OR" expr  (48)
	expr : expr . '=' expr  (49)
	expr : expr . '=' '=' expr  (50)
	expr : expr . '!' '=' expr  (51)
	expr : expr . '*' expr  (53)
	expr : expr '*' expr .  (53)
	expr : expr . '/' expr  (54)
	expr : expr . '.' "IDENT"  (55)
	expr : expr . '[' expr ']'  (56)
	expr : expr . '<' '<' expr '>' '>' expr  (60)
	expr : expr . '>' '>' expr '<' '<' expr  (61)
	expr : expr . '?' expr ':' expr  (62)

	'['  shift 93
	'.'  shift 94
	'?'  reduce 53
	':'  reduce 53
	"AND"  reduce 53
	"OR"  reduce 53
	'!'  reduce 53
	'='  reduce 53
	'<'  reduce 53
	'>'  reduce 53
	'+'  reduce 53
	'-'  reduce 53
	'*'  reduce 53
	'/'  reduce 53
	"MASMAS"  reduce 53
	']'  reduce 53
	')'  reduce 53
	','  reduce 53
	';'  reduce 53


state 124
	expr : expr . '+' expr  (41)
	expr : expr . '-' expr  (42)
	expr : expr . '<' expr  (43)
	expr : expr . '>' expr  (44)
	expr : expr . '>' '=' expr  (45)
	expr : expr . '<' '=' expr  (46)
	expr : expr . "AND" expr  (47)
	expr : expr . "OR" expr  (48)
	expr : expr . '=' expr  (49)
	expr : expr . '=' '=' expr  (50)
	expr : expr . '!' '=' expr  (51)
	expr : expr . '*' expr  (53)
	expr : expr . '/' expr  (54)
	expr : expr '/' expr .  (54)
	expr : expr . '.' "IDENT"  (55)
	expr : expr . '[' expr ']'  (56)
	expr : expr . '<' '<' expr '>' '>' expr  (60)
	expr : expr . '>' '>' expr '<' '<' expr  (61)
	expr : expr . '?' expr ':' expr  (62)

	'['  shift 93
	'.'  shift 94
	'?'  reduce 54
	':'  reduce 54
	"AND"  reduce 54
	"OR"  reduce 54
	'!'  reduce 54
	'='  reduce 54
	'<'  reduce 54
	'>'  reduce 54
	'+'  reduce 54
	'-'  reduce 54
	'*'  reduce 54
	'/'  reduce 54
	"MASMAS"  reduce 54
	']'  reduce 54
	')'  reduce 54
	','  reduce 54
	';'  reduce 54


state 125
	sentencia : expr "MASMAS" ';' .  (34)

	.  reduce 34


state 126
	expr : expr . '+' expr  (41)
	expr : expr . '-' expr  (42)
	expr : expr . '<' expr  (43)
	expr : expr . '>' expr  (44)
	expr : expr . '>' '=' expr  (45)
	expr : expr . '<' '=' expr  (46)
	expr : expr . "AND" expr  (47)
	expr : expr . "OR" expr  (48)
	expr : expr . '=' expr  (49)
	expr : expr . '=' '=' expr  (50)
	expr : expr . '!' '=' expr  (51)
	expr : expr . '*' expr  (53)
	expr : expr . '/' expr  (54)
	expr : expr . '.' "IDENT"  (55)
	expr : expr . '[' expr ']'  (56)
	expr : expr '[' expr . ']'  (56)
	expr : expr . '<' '<' expr '>' '>' expr  (60)
	expr : expr . '>' '>' expr '<' '<' expr  (61)
	expr : expr . '?' expr ':' expr  (62)

	'?'  shift 81
	"AND"  shift 82
	"OR"  shift 83
	'!'  shift 84
	'='  shift 96
	'<'  shift 86
	'>'  shift 87
	'+'  shift 88
	'-'  shift 89
	'*'  shift 90
	'/'  shift 91
	'['  shift 93
	']'  shift 143
	'.'  shift 94
	.  error


state 127
	expr : expr '.' "IDENT" .  (55)

	.  reduce 55


state 128
	expr : expr . '+' expr  (41)
	expr : expr . '-' expr  (42)
	expr : expr . '<' expr  (43)
	expr : expr . '>' expr  (44)
	expr : expr . '>' '=' expr  (45)
	expr : expr . '<' '=' expr  (46)
	expr : expr . "AND" expr  (47)
	expr : expr . "OR" expr  (48)
	expr : expr . '=' expr  (49)
	expr : expr '=' expr .  (49)
	expr : expr . '=' '=' expr  (50)
	expr : expr . '!' '=' expr  (51)
	expr : expr . '*' expr  (53)
	expr : expr . '/' expr  (54)
	expr : expr . '.' "IDENT"  (55)
	expr : expr . '[' expr ']'  (56)
	expr : expr . '<' '<' expr '>' '>' expr  (60)
	expr : expr . '>' '>' expr '<' '<' expr  (61)
	expr : expr . '?' expr ':' expr  (62)

	'<'  shift 86
	'>'  shift 87
	'+'  shift 88
	'-'  shift 89
	'*'  shift 90
	'/'  shift 91
	'['  shift 93
	'.'  shift 94
	'?'  reduce 49
	':'  reduce 49
	"AND"  reduce 49
	"OR"  reduce 49
	'!'  reduce 49
	'='  reduce 49
	"MASMAS"  reduce 49
	']'  reduce 49
	')'  reduce 49
	','  reduce 49
	';'  reduce 49


state 129
	llamarFuncion : "IDENT" '(' llamarParametros ')' .  (70)

	.  reduce 70


state 130
	parametrosLlamada : parametrosLlamada ',' . expr  (72)

	'('  shift 49
	"IDENT"  shift 51
	"LITENT"  shift 60
	"LITREAL"  shift 61
	"CONSTANTECHAR"  shift 62
	"CAST"  shift 63
	"VACIO"  shift 64
	.  error

	expr  goto 144
	llamarFuncion  goto 69


state 131
	sentencia : "IF" '(' expr ')' . '{' sentencias '}'  (29)
	sentencia : "IF" '(' expr ')' . '{' sentencias '}' "ELSE" '{' sentencias '}'  (30)

	'{'  shift 145
	.  error


state 132
	sentencia : "WHILE" '(' expr ')' . '{' sentencias '}'  (31)

	'{'  shift 146
	.  error


state 133
	sentencia : "SWITCH" '(' expr ')' . '{' cases '}'  (36)

	'{'  shift 147
	.  error


state 134
	expr : "CAST" '<' tipo '>' . '(' expr ')'  (58)

	'('  shift 148
	.  error


state 135
	expr : expr '?' expr ':' . expr  (62)

	'('  shift 49
	"IDENT"  shift 51
	"LITENT"  shift 60
	"LITREAL"  shift 61
	"CONSTANTECHAR"  shift 62
	"CAST"  shift 63
	"VACIO"  shift 64
	.  error

	expr  goto 149
	llamarFuncion  goto 69


state 136
	expr : expr . '+' expr  (41)
	expr : expr . '-' expr  (42)
	expr : expr . '<' expr  (43)
	expr : expr . '>' expr  (44)
	expr : expr . '>' '=' expr  (45)
	expr : expr . '<' '=' expr  (46)
	expr : expr . "AND" expr  (47)
	expr : expr . "OR" expr  (48)
	expr : expr . '=' expr  (49)
	expr : expr . '=' '=' expr  (50)
	expr : expr . '!' '=' expr  (51)
	expr : expr '!' '=' expr .  (51)
	expr : expr . '*' expr  (53)
	expr : expr . '/' expr  (54)
	expr : expr . '.' "IDENT"  (55)
	expr : expr . '[' expr ']'  (56)
	expr : expr . '<' '<' expr '>' '>' expr  (60)
	expr : expr . '>' '>' expr '<' '<' expr  (61)
	expr : expr . '?' expr ':' expr  (62)

	'<'  shift 86
	'>'  shift 87
	'+'  shift 88
	'-'  shift 89
	'*'  shift 90
	'/'  shift 91
	'['  shift 93
	'.'  shift 94
	'?'  reduce 51
	':'  reduce 51
	"AND"  reduce 51
	"OR"  reduce 51
	'!'  reduce 51
	'='  reduce 51
	"MASMAS"  reduce 51
	']'  reduce 51
	')'  reduce 51
	','  reduce 51
	';'  reduce 51


state 137
	expr : expr . '+' expr  (41)
	expr : expr . '-' expr  (42)
	expr : expr . '<' expr  (43)
	expr : expr . '>' expr  (44)
	expr : expr . '>' '=' expr  (45)
	expr : expr . '<' '=' expr  (46)
	expr : expr . "AND" expr  (47)
	expr : expr . "OR" expr  (48)
	expr : expr . '=' expr  (49)
	expr : expr . '=' '=' expr  (50)
	expr : expr '=' '=' expr .  (50)
	expr : expr . '!' '=' expr  (51)
	expr : expr . '*' expr  (53)
	expr : expr . '/' expr  (54)
	expr : expr . '.' "IDENT"  (55)
	expr : expr . '[' expr ']'  (56)
	expr : expr . '<' '<' expr '>' '>' expr  (60)
	expr : expr . '>' '>' expr '<' '<' expr  (61)
	expr : expr . '?' expr ':' expr  (62)

	'<'  shift 86
	'>'  shift 87
	'+'  shift 88
	'-'  shift 89
	'*'  shift 90
	'/'  shift 91
	'['  shift 93
	'.'  shift 94
	'?'  reduce 50
	':'  reduce 50
	"AND"  reduce 50
	"OR"  reduce 50
	'!'  reduce 50
	'='  reduce 50
	"MASMAS"  reduce 50
	']'  reduce 50
	')'  reduce 50
	','  reduce 50
	';'  reduce 50


state 138
	sentencia : expr '=' expr ';' .  (28)

	.  reduce 28


state 139
	expr : expr . '+' expr  (41)
	expr : expr . '-' expr  (42)
	expr : expr . '<' expr  (43)
	expr : expr . '>' expr  (44)
	expr : expr . '>' '=' expr  (45)
	expr : expr . '<' '=' expr  (46)
	expr : expr '<' '=' expr .  (46)
	expr : expr . "AND" expr  (47)
	expr : expr . "OR" expr  (48)
	expr : expr . '=' expr  (49)
	expr : expr . '=' '=' expr  (50)
	expr : expr . '!' '=' expr  (51)
	expr : expr . '*' expr  (53)
	expr : expr . '/' expr  (54)
	expr : expr . '.' "IDENT"  (55)
	expr : expr . '[' expr ']'  (56)
	expr : expr . '<' '<' expr '>' '>' expr  (60)
	expr : expr . '>' '>' expr '<' '<' expr  (61)
	expr : expr . '?' expr ':' expr  (62)

	'<'  shift 86
	'>'  shift 87
	'+'  shift 88
	'-'  shift 89
	'*'  shift 90
	'/'  shift 91
	'['  shift 93
	'.'  shift 94
	'?'  reduce 46
	':'  reduce 46
	"AND"  reduce 46
	"OR"  reduce 46
	'!'  reduce 46
	'='  reduce 46
	"MASMAS"  reduce 46
	']'  reduce 46
	')'  reduce 46
	','  reduce 46
	';'  reduce 46


state 140
	expr : expr . '+' expr  (41)
	expr : expr . '-' expr  (42)
	expr : expr . '<' expr  (43)
	expr : expr . '>' expr  (44)
	expr : expr . '>' '=' expr  (45)
	expr : expr . '<' '=' expr  (46)
	expr : expr . "AND" expr  (47)
	expr : expr . "OR" expr  (48)
	expr : expr . '=' expr  (49)
	expr : expr . '=' '=' expr  (50)
	expr : expr . '!' '=' expr  (51)
	expr : expr . '*' expr  (53)
	expr : expr . '/' expr  (54)
	expr : expr . '.' "IDENT"  (55)
	expr : expr . '[' expr ']'  (56)
	expr : expr . '<' '<' expr '>' '>' expr  (60)
	expr : expr '<' '<' expr . '>' '>' expr  (60)
	expr : expr . '>' '>' expr '<' '<' expr  (61)
	expr : expr . '?' expr ':' expr  (62)

	'?'  shift 81
	"AND"  shift 82
	"OR"  shift 83
	'!'  shift 84
	'='  shift 96
	'<'  shift 86
	'>'  shift 150
	'+'  shift 88
	'-'  shift 89
	'*'  shift 90
	'/'  shift 91
	'['  shift 93
	'.'  shift 94
	.  error


state 141
	expr : expr . '+' expr  (41)
	expr : expr . '-' expr  (42)
	expr : expr . '<' expr  (43)
	expr : expr . '>' expr  (44)
	expr : expr . '>' '=' expr  (45)
	expr : expr '>' '=' expr .  (45)
	expr : expr . '<' '=' expr  (46)
	expr : expr . "AND" expr  (47)
	expr : expr . "OR" expr  (48)
	expr : expr . '=' expr  (49)
	expr : expr . '=' '=' expr  (50)
	expr : expr . '!' '=' expr  (51)
	expr : expr . '*' expr  (53)
	expr : expr . '/' expr  (54)
	expr : expr . '.' "IDENT"  (55)
	expr : expr . '[' expr ']'  (56)
	expr : expr . '<' '<' expr '>' '>' expr  (60)
	expr : expr . '>' '>' expr '<' '<' expr  (61)
	expr : expr . '?' expr ':' expr  (62)

	'<'  shift 86
	'>'  shift 87
	'+'  shift 88
	'-'  shift 89
	'*'  shift 90
	'/'  shift 91
	'['  shift 93
	'.'  shift 94
	'?'  reduce 45
	':'  reduce 45
	"AND"  reduce 45
	"OR"  reduce 45
	'!'  reduce 45
	'='  reduce 45
	"MASMAS"  reduce 45
	']'  reduce 45
	')'  reduce 45
	','  reduce 45
	';'  reduce 45


state 142
	expr : expr . '+' expr  (41)
	expr : expr . '-' expr  (42)
	expr : expr . '<' expr  (43)
	expr : expr . '>' expr  (44)
	expr : expr . '>' '=' expr  (45)
	expr : expr . '<' '=' expr  (46)
	expr : expr . "AND" expr  (47)
	expr : expr . "OR" expr  (48)
	expr : expr . '=' expr  (49)
	expr : expr . '=' '=' expr  (50)
	expr : expr . '!' '=' expr  (51)
	expr : expr . '*' expr  (53)
	expr : expr . '/' expr  (54)
	expr : expr . '.' "IDENT"  (55)
	expr : expr . '[' expr ']'  (56)
	expr : expr . '<' '<' expr '>' '>' expr  (60)
	expr : expr . '>' '>' expr '<' '<' expr  (61)
	expr : expr '>' '>' expr . '<' '<' expr  (61)
	expr : expr . '?' expr ':' expr  (62)

	'?'  shift 81
	"AND"  shift 82
	"OR"  shift 83
	'!'  shift 84
	'='  shift 96
	'<'  shift 151
	'>'  shift 87
	'+'  shift 88
	'-'  shift 89
	'*'  shift 90
	'/'  shift 91
	'['  shift 93
	'.'  shift 94
	.  error


state 143
	expr : expr '[' expr ']' .  (56)

	.  reduce 56


state 144
	expr : expr . '+' expr  (41)
	expr : expr . '-' expr  (42)
	expr : expr . '<' expr  (43)
	expr : expr . '>' expr  (44)
	expr : expr . '>' '=' expr  (45)
	expr : expr . '<' '=' expr  (46)
	expr : expr . "AND" expr  (47)
	expr : expr . "OR" expr  (48)
	expr : expr . '=' expr  (49)
	expr : expr . '=' '=' expr  (50)
	expr : expr . '!' '=' expr  (51)
	expr : expr . '*' expr  (53)
	expr : expr . '/' expr  (54)
	expr : expr . '.' "IDENT"  (55)
	expr : expr . '[' expr ']'  (56)
	expr : expr . '<' '<' expr '>' '>' expr  (60)
	expr : expr . '>' '>' expr '<' '<' expr  (61)
	expr : expr . '?' expr ':' expr  (62)
	parametrosLlamada : parametrosLlamada ',' expr .  (72)

	'?'  shift 81
	"AND"  shift 82
	"OR"  shift 83
	'!'  shift 84
	'='  shift 96
	'<'  shift 86
	'>'  shift 87
	'+'  shift 88
	'-'  shift 89
	'*'  shift 90
	'/'  shift 91
	'['  shift 93
	'.'  shift 94
	')'  reduce 72
	','  reduce 72


state 145
	sentencia : "IF" '(' expr ')' '{' . sentencias '}'  (29)
	sentencia : "IF" '(' expr ')' '{' . sentencias '}' "ELSE" '{' sentencias '}'  (30)
	sentencias : .  (22)

	.  reduce 22

	sentencias  goto 152


state 146
	sentencia : "WHILE" '(' expr ')' '{' . sentencias '}'  (31)
	sentencias : .  (22)

	.  reduce 22

	sentencias  goto 153


state 147
	sentencia : "SWITCH" '(' expr ')' '{' . cases '}'  (36)

	"CASE"  shift 154
	.  error

	cases  goto 155
	case  goto 156


state 148
	expr : "CAST" '<' tipo '>' '(' . expr ')'  (58)

	'('  shift 49
	"IDENT"  shift 51
	"LITENT"  shift 60
	"LITREAL"  shift 61
	"CONSTANTECHAR"  shift 62
	"CAST"  shift 63
	"VACIO"  shift 64
	.  error

	expr  goto 157
	llamarFuncion  goto 69


state 149
	expr : expr . '+' expr  (41)
	expr : expr . '-' expr  (42)
	expr : expr . '<' expr  (43)
	expr : expr . '>' expr  (44)
	expr : expr . '>' '=' expr  (45)
	expr : expr . '<' '=' expr  (46)
	expr : expr . "AND" expr  (47)
	expr : expr . "OR" expr  (48)
	expr : expr . '=' expr  (49)
	expr : expr . '=' '=' expr  (50)
	expr : expr . '!' '=' expr  (51)
	expr : expr . '*' expr  (53)
	expr : expr . '/' expr  (54)
	expr : expr . '.' "IDENT"  (55)
	expr : expr . '[' expr ']'  (56)
	expr : expr . '<' '<' expr '>' '>' expr  (60)
	expr : expr . '>' '>' expr '<' '<' expr  (61)
	expr : expr . '?' expr ':' expr  (62)
	expr : expr '?' expr ':' expr .  (62)

	"AND"  shift 82
	"OR"  shift 83
	'!'  shift 84
	'='  shift 96
	'<'  shift 86
	'>'  shift 87
	'+'  shift 88
	'-'  shift 89
	'*'  shift 90
	'/'  shift 91
	'['  shift 93
	'.'  shift 94
	'?'  reduce 62
	':'  reduce 62
	"MASMAS"  reduce 62
	']'  reduce 62
	')'  reduce 62
	','  reduce 62
	';'  reduce 62


state 150
	expr : expr '>' . expr  (44)
	expr : expr '>' . '=' expr  (45)
	expr : expr '<' '<' expr '>' . '>' expr  (60)
	expr : expr '>' . '>' expr '<' '<' expr  (61)

	'='  shift 118
	'>'  shift 158
	'('  shift 49
	"IDENT"  shift 51
	"LITENT"  shift 60
	"LITREAL"  shift 61
	"CONSTANTECHAR"  shift 62
	"CAST"  shift 63
	"VACIO"  shift 64
	.  error

	expr  goto 120
	llamarFuncion  goto 69


state 151
	expr : expr '<' . expr  (43)
	expr : expr '<' . '=' expr  (46)
	expr : expr '<' . '<' expr '>' '>' expr  (60)
	expr : expr '>' '>' expr '<' . '<' expr  (61)

	'='  shift 115
	'<'  shift 159
	'('  shift 49
	"IDENT"  shift 51
	"LITENT"  shift 60
	"LITREAL"  shift 61
	"CONSTANTECHAR"  shift 62
	"CAST"  shift 63
	"VACIO"  shift 64
	.  error

	expr  goto 117
	llamarFuncion  goto 69


state 152
	sentencias : sentencias . sentencia  (23)
	sentencia : "IF" '(' expr ')' '{' sentencias . '}'  (29)
	sentencia : "IF" '(' expr ')' '{' sentencias . '}' "ELSE" '{' sentencias '}'  (30)

	'('  shift 49
	'}'  shift 160
	"IDENT"  shift 51
	"PRINT"  shift 52
	"PRINTSP"  shift 53
	"READ"  shift 54
	"IF"  shift 55
	"WHILE"  shift 56
	"RETURN"  shift 57
	"BREAK"  shift 58
	"SWITCH"  shift 59
	"LITENT"  shift 60
	"LITREAL"  shift 61
	"CONSTANTECHAR"  shift 62
	"CAST"  shift 63
	"VACIO"  shift 64
	.  error

	sentencia  goto 65
	expr  goto 66
	llamarFuncion  goto 67


state 153
	sentencias : sentencias . sentencia  (23)
	sentencia : "WHILE" '(' expr ')' '{' sentencias . '}'  (31)

	'('  shift 49
	'}'  shift 161
	"IDENT"  shift 51
	"PRINT"  shift 52
	"PRINTSP"  shift 53
	"READ"  shift 54
	"IF"  shift 55
	"WHILE"  shift 56
	"RETURN"  shift 57
	"BREAK"  shift 58
	"SWITCH"  shift 59
	"LITENT"  shift 60
	"LITREAL"  shift 61
	"CONSTANTECHAR"  shift 62
	"CAST"  shift 63
	"VACIO"  shift 64
	.  error

	sentencia  goto 65
	expr  goto 66
	llamarFuncion  goto 67


state 154
	case : "CASE" . expr ':' sentencias "BREAK" ';'  (75)

	'('  shift 49
	"IDENT"  shift 51
	"LITENT"  shift 60
	"LITREAL"  shift 61
	"CONSTANTECHAR"  shift 62
	"CAST"  shift 63
	"VACIO"  shift 64
	.  error

	expr  goto 162
	llamarFuncion  goto 69


state 155
	sentencia : "SWITCH" '(' expr ')' '{' cases . '}'  (36)
	cases : cases . case  (74)

	'}'  shift 163
	"CASE"  shift 154
	.  error

	case  goto 164


state 156
	cases : case .  (73)

	.  reduce 73


state 157
	expr : expr . '+' expr  (41)
	expr : expr . '-' expr  (42)
	expr : expr . '<' expr  (43)
	expr : expr . '>' expr  (44)
	expr : expr . '>' '=' expr  (45)
	expr : expr . '<' '=' expr  (46)
	expr : expr . "AND" expr  (47)
	expr : expr . "OR" expr  (48)
	expr : expr . '=' expr  (49)
	expr : expr . '=' '=' expr  (50)
	expr : expr . '!' '=' expr  (51)
	expr : expr . '*' expr  (53)
	expr : expr . '/' expr  (54)
	expr : expr . '.' "IDENT"  (55)
	expr : expr . '[' expr ']'  (56)
	expr : "CAST" '<' tipo '>' '(' expr . ')'  (58)
	expr : expr . '<' '<' expr '>' '>' expr  (60)
	expr : expr . '>' '>' expr '<' '<' expr  (61)
	expr : expr . '?' expr ':' expr  (62)

	'?'  shift 81
	"AND"  shift 82
	"OR"  shift 83
	'!'  shift 84
	'='  shift 96
	'<'  shift 86
	'>'  shift 87
	'+'  shift 88
	'-'  shift 89
	'*'  shift 90
	'/'  shift 91
	'['  shift 93
	')'  shift 165
	'.'  shift 94
	.  error


state 158
	expr : expr '<' '<' expr '>' '>' . expr  (60)
	expr : expr '>' '>' . expr '<' '<' expr  (61)

	'('  shift 49
	"IDENT"  shift 51
	"LITENT"  shift 60
	"LITREAL"  shift 61
	"CONSTANTECHAR"  shift 62
	"CAST"  shift 63
	"VACIO"  shift 64
	.  error

	expr  goto 166
	llamarFuncion  goto 69


state 159
	expr : expr '<' '<' . expr '>' '>' expr  (60)
	expr : expr '>' '>' expr '<' '<' . expr  (61)

	'('  shift 49
	"IDENT"  shift 51
	"LITENT"  shift 60
	"LITREAL"  shift 61
	"CONSTANTECHAR"  shift 62
	"CAST"  shift 63
	"VACIO"  shift 64
	.  error

	expr  goto 167
	llamarFuncion  goto 69


state 160
	sentencia : "IF" '(' expr ')' '{' sentencias '}' .  (29)
	sentencia : "IF" '(' expr ')' '{' sentencias '}' . "ELSE" '{' sentencias '}'  (30)

	"ELSE"  shift 168
	'('  reduce 29
	'}'  reduce 29
	"IDENT"  reduce 29
	"PRINT"  reduce 29
	"PRINTSP"  reduce 29
	"READ"  reduce 29
	"IF"  reduce 29
	"WHILE"  reduce 29
	"RETURN"  reduce 29
	"BREAK"  reduce 29
	"SWITCH"  reduce 29
	"LITENT"  reduce 29
	"LITREAL"  reduce 29
	"CONSTANTECHAR"  reduce 29
	"CAST"  reduce 29
	"VACIO"  reduce 29


state 161
	sentencia : "WHILE" '(' expr ')' '{' sentencias '}' .  (31)

	.  reduce 31


state 162
	expr : expr . '+' expr  (41)
	expr : expr . '-' expr  (42)
	expr : expr . '<' expr  (43)
	expr : expr . '>' expr  (44)
	expr : expr . '>' '=' expr  (45)
	expr : expr . '<' '=' expr  (46)
	expr : expr . "AND" expr  (47)
	expr : expr . "OR" expr  (48)
	expr : expr . '=' expr  (49)
	expr : expr . '=' '=' expr  (50)
	expr : expr . '!' '=' expr  (51)
	expr : expr . '*' expr  (53)
	expr : expr . '/' expr  (54)
	expr : expr . '.' "IDENT"  (55)
	expr : expr . '[' expr ']'  (56)
	expr : expr . '<' '<' expr '>' '>' expr  (60)
	expr : expr . '>' '>' expr '<' '<' expr  (61)
	expr : expr . '?' expr ':' expr  (62)
	case : "CASE" expr . ':' sentencias "BREAK" ';'  (75)

	'?'  shift 81
	':'  shift 169
	"AND"  shift 82
	"OR"  shift 83
	'!'  shift 84
	'='  shift 96
	'<'  shift 86
	'>'  shift 87
	'+'  shift 88
	'-'  shift 89
	'*'  shift 90
	'/'  shift 91
	'['  shift 93
	'.'  shift 94
	.  error


state 163
	sentencia : "SWITCH" '(' expr ')' '{' cases '}' .  (36)

	.  reduce 36


state 164
	cases : cases case .  (74)

	.  reduce 74


state 165
	expr : "CAST" '<' tipo '>' '(' expr ')' .  (58)

	.  reduce 58


state 166
	expr : expr . '+' expr  (41)
	expr : expr . '-' expr  (42)
	expr : expr . '<' expr  (43)
	expr : expr . '>' expr  (44)
	expr : expr . '>' '=' expr  (45)
	expr : expr . '<' '=' expr  (46)
	expr : expr . "AND" expr  (47)
	expr : expr . "OR" expr  (48)
	expr : expr . '=' expr  (49)
	expr : expr . '=' '=' expr  (50)
	expr : expr . '!' '=' expr  (51)
	expr : expr . '*' expr  (53)
	expr : expr . '/' expr  (54)
	expr : expr . '.' "IDENT"  (55)
	expr : expr . '[' expr ']'  (56)
	expr : expr . '<' '<' expr '>' '>' expr  (60)
	expr : expr '<' '<' expr '>' '>' expr .  (60)
	expr : expr . '>' '>' expr '<' '<' expr  (61)
	expr : expr '>' '>' expr . '<' '<' expr  (61)
	expr : expr . '?' expr ':' expr  (62)

	'+'  shift 88
	'-'  shift 89
	'*'  shift 90
	'/'  shift 91
	'['  shift 93
	'.'  shift 94
	'?'  reduce 60
	':'  reduce 60
	"AND"  reduce 60
	"OR"  reduce 60
	'!'  reduce 60
	'='  reduce 60
	'<'  reduce 60
	'>'  reduce 60
	"MASMAS"  reduce 60
	']'  reduce 60
	')'  reduce 60
	','  reduce 60
	';'  reduce 60


state 167
	expr : expr . '+' expr  (41)
	expr : expr . '-' expr  (42)
	expr : expr . '<' expr  (43)
	expr : expr . '>' expr  (44)
	expr : expr . '>' '=' expr  (45)
	expr : expr . '<' '=' expr  (46)
	expr : expr . "AND" expr  (47)
	expr : expr . "OR" expr  (48)
	expr : expr . '=' expr  (49)
	expr : expr . '=' '=' expr  (50)
	expr : expr . '!' '=' expr  (51)
	expr : expr . '*' expr  (53)
	expr : expr . '/' expr  (54)
	expr : expr . '.' "IDENT"  (55)
	expr : expr . '[' expr ']'  (56)
	expr : expr . '<' '<' expr '>' '>' expr  (60)
	expr : expr '<' '<' expr . '>' '>' expr  (60)
	expr : expr . '>' '>' expr '<' '<' expr  (61)
	expr : expr '>' '>' expr '<' '<' expr .  (61)
	expr : expr . '?' expr ':' expr  (62)

	'+'  shift 88
	'-'  shift 89
	'*'  shift 90
	'/'  shift 91
	'['  shift 93
	'.'  shift 94
	'?'  reduce 61
	':'  reduce 61
	"AND"  reduce 61
	"OR"  reduce 61
	'!'  reduce 61
	'='  reduce 61
	'<'  reduce 61
	'>'  reduce 61
	"MASMAS"  reduce 61
	']'  reduce 61
	')'  reduce 61
	','  reduce 61
	';'  reduce 61


state 168
	sentencia : "IF" '(' expr ')' '{' sentencias '}' "ELSE" . '{' sentencias '}'  (30)

	'{'  shift 170
	.  error


state 169
	case : "CASE" expr ':' . sentencias "BREAK" ';'  (75)
	sentencias : .  (22)

	.  reduce 22

	sentencias  goto 171


state 170
	sentencia : "IF" '(' expr ')' '{' sentencias '}' "ELSE" '{' . sentencias '}'  (30)
	sentencias : .  (22)

	.  reduce 22

	sentencias  goto 172


state 171
	sentencias : sentencias . sentencia  (23)
	case : "CASE" expr ':' sentencias . "BREAK" ';'  (75)

	'('  shift 49
	"IDENT"  shift 51
	"PRINT"  shift 52
	"PRINTSP"  shift 53
	"READ"  shift 54
	"IF"  shift 55
	"WHILE"  shift 56
	"RETURN"  shift 57
	"BREAK"  shift 173
	"SWITCH"  shift 59
	"LITENT"  shift 60
	"LITREAL"  shift 61
	"CONSTANTECHAR"  shift 62
	"CAST"  shift 63
	"VACIO"  shift 64
	.  error

	sentencia  goto 65
	expr  goto 66
	llamarFuncion  goto 67


state 172
	sentencias : sentencias . sentencia  (23)
	sentencia : "IF" '(' expr ')' '{' sentencias '}' "ELSE" '{' sentencias . '}'  (30)

	'('  shift 49
	'}'  shift 174
	"IDENT"  shift 51
	"PRINT"  shift 52
	"PRINTSP"  shift 53
	"READ"  shift 54
	"IF"  shift 55
	"WHILE"  shift 56
	"RETURN"  shift 57
	"BREAK"  shift 58
	"SWITCH"  shift 59
	"LITENT"  shift 60
	"LITREAL"  shift 61
	"CONSTANTECHAR"  shift 62
	"CAST"  shift 63
	"VACIO"  shift 64
	.  error

	sentencia  goto 65
	expr  goto 66
	llamarFuncion  goto 67


state 173
	sentencia : "BREAK" . ';'  (35)
	case : "CASE" expr ':' sentencias "BREAK" . ';'  (75)

	';'  shift 175
	.  error


state 174
	sentencia : "IF" '(' expr ')' '{' sentencias '}' "ELSE" '{' sentencias '}' .  (30)

	.  reduce 30


state 175
	sentencia : "BREAK" ';' .  (35)
	case : "CASE" expr ':' sentencias "BREAK" ';' .  (75)

	'('  reduce 35
	'}'  reduce 75
	"IDENT"  reduce 35
	"PRINT"  reduce 35
	"PRINTSP"  reduce 35
	"READ"  reduce 35
	"IF"  reduce 35
	"WHILE"  reduce 35
	"RETURN"  reduce 35
	"BREAK"  reduce 35
	"SWITCH"  reduce 35
	"LITENT"  reduce 35
	"LITREAL"  reduce 35
	"CONSTANTECHAR"  reduce 35
	"CAST"  reduce 35
	"VACIO"  reduce 35
	"CASE"  reduce 75


45 terminals, 23 nonterminals
76 grammar rules, 176 states
